<?xml version="1.0" encoding="UTF-8"?>
<!-- Generated by org.testng.reporters.JUnitReportReporter -->
<testsuite hostname="DESKTOP-3MSPCCG" failures="0" tests="1" name="Modules.High_Level_TCs" time="75.192" errors="0" timestamp="2022-09-17T21:30:22 EET" skipped="0">
  <testcase classname="Modules.High_Level_TCs" name="registrationTCs" time="75.192"/>
  <system-out/>
</testsuite> <!-- Modules.High_Level_TCs -->
