<?xml version="1.0" encoding="UTF-8"?>
<!-- Generated by org.testng.reporters.JUnitReportReporter -->
<testsuite hostname="DESKTOP-3MSPCCG" failures="0" tests="10" name="HappyScenario.ShoppinhScenraio" time="38.542" errors="0" timestamp="2022-09-18T22:26:21 EET" skipped="0">
  <testcase classname="HappyScenario.ShoppinhScenraio" name="Login_TCs" time="8.304"/>
  <system-out/>
  <testcase classname="HappyScenario.ShoppinhScenraio" name="Shop_TCs" time="3.412"/>
  <system-out/>
  <testcase classname="HappyScenario.ShoppinhScenraio" name="SelectResultedProduct_TCs" time="2.841"/>
  <system-out/>
  <testcase classname="HappyScenario.ShoppinhScenraio" name="AddToCart_TCs" time="3.820"/>
  <system-out/>
  <testcase classname="HappyScenario.ShoppinhScenraio" name="CartSummary" time="2.147"/>
  <system-out/>
  <testcase classname="HappyScenario.ShoppinhScenraio" name="ShippingSummary" time="1.347"/>
  <system-out/>
  <testcase classname="HappyScenario.ShoppinhScenraio" name="SelectPaymentMethod" time="3.272"/>
  <system-out/>
  <testcase classname="HappyScenario.ShoppinhScenraio" name="OrderSummary" time="3.200"/>
  <system-out/>
  <testcase classname="HappyScenario.ShoppinhScenraio" name="ConfirmOrder" time="4.314"/>
  <system-out/>
  <testcase classname="HappyScenario.ShoppinhScenraio" name="ValidateOrder" time="5.885"/>
  <system-out/>
</testsuite> <!-- HappyScenario.ShoppinhScenraio -->
