<?xml version="1.0" encoding="UTF-8"?>
<!-- Generated by org.testng.reporters.JUnitReportReporter -->
<testsuite hostname="DESKTOP-3MSPCCG" failures="0" tests="1" name="HappyScenario.ShoppinhScenraio" time="7.017" errors="0" timestamp="2022-09-18T13:31:04 EET" skipped="0">
  <testcase classname="HappyScenario.ShoppinhScenraio" name="Login_TCs" time="7.017"/>
  <system-out/>
</testsuite> <!-- HappyScenario.ShoppinhScenraio -->
