<?xml version="1.0" encoding="UTF-8"?>
<!-- Generated by org.testng.reporters.JUnitReportReporter -->
<testsuite hostname="DESKTOP-3MSPCCG" failures="0" tests="1" name="HappyScenario.RegistrationTCs" time="81.461" errors="0" timestamp="2022-09-18T13:31:04 EET" skipped="0">
  <testcase classname="HappyScenario.RegistrationTCs" name="registrationTCs" time="81.461"/>
  <system-out/>
</testsuite> <!-- HappyScenario.RegistrationTCs -->
